<?xml version="1.0" encoding="UTF-8"?>
<testng-results skipped="0" failed="0" ignored="0" total="1" passed="1">
  <reporter-output>
  </reporter-output>
  <suite name="Default suite" duration-ms="21198" started-at="2019-02-07T20:01:25Z" finished-at="2019-02-07T20:01:46Z">
    <groups>
    </groups>
    <test name="Default test" duration-ms="21198" started-at="2019-02-07T20:01:25Z" finished-at="2019-02-07T20:01:46Z">
      <class name="Test2.Backend">
        <test-method status="PASS" signature="Main()[pri:0, instance:Test2.Backend@20322d26]" name="Main" duration-ms="21173" started-at="2019-02-07T20:01:25Z" finished-at="2019-02-07T20:01:46Z">
          <reporter-output>
          </reporter-output>
        </test-method> <!-- Main -->
      </class> <!-- Test2.Backend -->
    </test> <!-- Default test -->
  </suite> <!-- Default suite -->
</testng-results>
